{"/Users/pietroperboni/stone-test/stoneTonTest/src/components/ProductCard/ProductCardList.tsx": {"path":"/Users/pietroperboni/stone-test/stoneTonTest/src/components/ProductCard/ProductCardList.tsx","statementMap":{"0":{"start":{"line":6,"column":24},"end":{"line":31,"column":1}},"1":{"start":{"line":7,"column":2},"end":{"line":30,"column":4}},"2":{"start":{"line":32,"column":15},"end":{"line":34,"column":2}}},"fnMap":{"0":{"name":"(anonymous_0)","decl":{"start":{"line":6,"column":24},"end":{"line":6,"column":25}},"loc":{"start":{"line":6,"column":65},"end":{"line":31,"column":1}},"line":6}},"branchMap":{"0":{"loc":{"start":{"line":22,"column":7},"end":{"line":28,"column":7}},"type":"binary-expr","locations":[{"start":{"line":22,"column":7},"end":{"line":22,"column":17}},{"start":{"line":23,"column":8},"end":{"line":27,"column":10}}],"line":22}},"s":{"0":1,"1":2,"2":1},"f":{"0":2},"b":{"0":[2,2]},"_coverageSchema":"1a1c01bbd47fc00a2c39e90264f33305004495a9","hash":"fef903b4e552974e66c562d3d984a1568886627b"}
,"/Users/pietroperboni/stone-test/stoneTonTest/src/contexts/Cart.tsx": {"path":"/Users/pietroperboni/stone-test/stoneTonTest/src/contexts/Cart.tsx","statementMap":{"0":{"start":{"line":6,"column":21},"end":{"line":11,"column":1}},"1":{"start":{"line":13,"column":27},"end":{"line":13,"column":71}},"2":{"start":{"line":15,"column":55},"end":{"line":64,"column":1}},"3":{"start":{"line":16,"column":26},"end":{"line":16,"column":50}},"4":{"start":{"line":18,"column":16},"end":{"line":21,"column":14}},"5":{"start":{"line":20,"column":4},"end":{"line":20,"column":80}},"6":{"start":{"line":20,"column":56},"end":{"line":20,"column":75}},"7":{"start":{"line":23,"column":30},"end":{"line":35,"column":3}},"8":{"start":{"line":24,"column":4},"end":{"line":34,"column":7}},"9":{"start":{"line":25,"column":30},"end":{"line":27,"column":7}},"10":{"start":{"line":26,"column":26},"end":{"line":26,"column":58}},"11":{"start":{"line":28,"column":6},"end":{"line":32,"column":7}},"12":{"start":{"line":29,"column":8},"end":{"line":31,"column":10}},"13":{"start":{"line":30,"column":10},"end":{"line":30,"column":74}},"14":{"start":{"line":33,"column":6},"end":{"line":33,"column":52}},"15":{"start":{"line":37,"column":33},"end":{"line":51,"column":3}},"16":{"start":{"line":38,"column":4},"end":{"line":50,"column":6}},"17":{"start":{"line":39,"column":6},"end":{"line":49,"column":12}},"18":{"start":{"line":40,"column":28},"end":{"line":40,"column":42}},"19":{"start":{"line":41,"column":8},"end":{"line":48,"column":9}},"20":{"start":{"line":42,"column":10},"end":{"line":44,"column":11}},"21":{"start":{"line":43,"column":12},"end":{"line":43,"column":31}},"22":{"start":{"line":45,"column":10},"end":{"line":45,"column":73}},"23":{"start":{"line":47,"column":10},"end":{"line":47,"column":50}},"24":{"start":{"line":53,"column":2},"end":{"line":63,"column":4}}},"fnMap":{"0":{"name":"(anonymous_0)","decl":{"start":{"line":8,"column":23},"end":{"line":8,"column":24}},"loc":{"start":{"line":8,"column":29},"end":{"line":8,"column":31}},"line":8},"1":{"name":"(anonymous_1)","decl":{"start":{"line":9,"column":26},"end":{"line":9,"column":27}},"loc":{"start":{"line":9,"column":32},"end":{"line":9,"column":34}},"line":9},"2":{"name":"(anonymous_2)","decl":{"start":{"line":15,"column":55},"end":{"line":15,"column":56}},"loc":{"start":{"line":15,"column":71},"end":{"line":64,"column":1}},"line":15},"3":{"name":"(anonymous_3)","decl":{"start":{"line":18,"column":28},"end":{"line":18,"column":29}},"loc":{"start":{"line":18,"column":34},"end":{"line":21,"column":3}},"line":18},"4":{"name":"(anonymous_4)","decl":{"start":{"line":20,"column":23},"end":{"line":20,"column":24}},"loc":{"start":{"line":20,"column":56},"end":{"line":20,"column":75}},"line":20},"5":{"name":"(anonymous_5)","decl":{"start":{"line":23,"column":30},"end":{"line":23,"column":31}},"loc":{"start":{"line":23,"column":53},"end":{"line":35,"column":3}},"line":23},"6":{"name":"(anonymous_6)","decl":{"start":{"line":24,"column":12},"end":{"line":24,"column":13}},"loc":{"start":{"line":24,"column":25},"end":{"line":34,"column":5}},"line":24},"7":{"name":"(anonymous_7)","decl":{"start":{"line":26,"column":8},"end":{"line":26,"column":9}},"loc":{"start":{"line":26,"column":26},"end":{"line":26,"column":58}},"line":26},"8":{"name":"(anonymous_8)","decl":{"start":{"line":29,"column":29},"end":{"line":29,"column":30}},"loc":{"start":{"line":30,"column":10},"end":{"line":30,"column":74}},"line":30},"9":{"name":"(anonymous_9)","decl":{"start":{"line":37,"column":33},"end":{"line":37,"column":34}},"loc":{"start":{"line":37,"column":56},"end":{"line":51,"column":3}},"line":37},"10":{"name":"(anonymous_10)","decl":{"start":{"line":38,"column":12},"end":{"line":38,"column":13}},"loc":{"start":{"line":39,"column":6},"end":{"line":49,"column":12}},"line":39},"11":{"name":"(anonymous_11)","decl":{"start":{"line":39,"column":23},"end":{"line":39,"column":24}},"loc":{"start":{"line":39,"column":56},"end":{"line":49,"column":7}},"line":39}},"branchMap":{"0":{"loc":{"start":{"line":28,"column":6},"end":{"line":32,"column":7}},"type":"if","locations":[{"start":{"line":28,"column":6},"end":{"line":32,"column":7}},{"start":{},"end":{}}],"line":28},"1":{"loc":{"start":{"line":30,"column":10},"end":{"line":30,"column":74}},"type":"cond-expr","locations":[{"start":{"line":30,"column":35},"end":{"line":30,"column":67}},{"start":{"line":30,"column":70},"end":{"line":30,"column":74}}],"line":30},"2":{"loc":{"start":{"line":41,"column":8},"end":{"line":48,"column":9}},"type":"if","locations":[{"start":{"line":41,"column":8},"end":{"line":48,"column":9}},{"start":{"line":46,"column":15},"end":{"line":48,"column":9}}],"line":41},"3":{"loc":{"start":{"line":42,"column":10},"end":{"line":44,"column":11}},"type":"if","locations":[{"start":{"line":42,"column":10},"end":{"line":44,"column":11}},{"start":{},"end":{}}],"line":42}},"s":{"0":1,"1":1,"2":1,"3":0,"4":0,"5":0,"6":0,"7":0,"8":0,"9":0,"10":0,"11":0,"12":0,"13":0,"14":0,"15":0,"16":0,"17":0,"18":0,"19":0,"20":0,"21":0,"22":0,"23":0,"24":0},"f":{"0":0,"1":0,"2":0,"3":0,"4":0,"5":0,"6":0,"7":0,"8":0,"9":0,"10":0,"11":0},"b":{"0":[0,0],"1":[0,0],"2":[0,0],"3":[0,0]},"_coverageSchema":"1a1c01bbd47fc00a2c39e90264f33305004495a9","hash":"d8dd93c6b6b886fed3c0648a7d2de378441f9c04"}
,"/Users/pietroperboni/stone-test/stoneTonTest/src/screens/routes.tsx": {"path":"/Users/pietroperboni/stone-test/stoneTonTest/src/screens/routes.tsx","statementMap":{"0":{"start":{"line":9,"column":14},"end":{"line":9,"column":42}},"1":{"start":{"line":12,"column":2},"end":{"line":20,"column":4}}},"fnMap":{"0":{"name":"Routes","decl":{"start":{"line":11,"column":9},"end":{"line":11,"column":15}},"loc":{"start":{"line":11,"column":18},"end":{"line":21,"column":1}},"line":11}},"branchMap":{},"s":{"0":1,"1":3},"f":{"0":3},"b":{},"_coverageSchema":"1a1c01bbd47fc00a2c39e90264f33305004495a9","hash":"ce6c3b0a21bf508c2d948ccd5d65ec3f60864c16"}
,"/Users/pietroperboni/stone-test/stoneTonTest/src/screens/Cart/index.tsx": {"path":"/Users/pietroperboni/stone-test/stoneTonTest/src/screens/Cart/index.tsx","statementMap":{"0":{"start":{"line":11,"column":13},"end":{"line":47,"column":1}},"1":{"start":{"line":12,"column":15},"end":{"line":15,"column":17}},"2":{"start":{"line":14,"column":13},"end":{"line":14,"column":23}},"3":{"start":{"line":17,"column":30},"end":{"line":20,"column":3}},"4":{"start":{"line":19,"column":13},"end":{"line":19,"column":38}},"5":{"start":{"line":22,"column":33},"end":{"line":25,"column":3}},"6":{"start":{"line":24,"column":13},"end":{"line":24,"column":41}},"7":{"start":{"line":26,"column":16},"end":{"line":26,"column":79}},"8":{"start":{"line":26,"column":57},"end":{"line":26,"column":68}},"9":{"start":{"line":28,"column":2},"end":{"line":46,"column":4}},"10":{"start":{"line":35,"column":34},"end":{"line":35,"column":41}},"11":{"start":{"line":37,"column":12},"end":{"line":41,"column":14}},"12":{"start":{"line":39,"column":27},"end":{"line":39,"column":52}},"13":{"start":{"line":40,"column":30},"end":{"line":40,"column":58}},"14":{"start":{"line":48,"column":15},"end":{"line":56,"column":2}}},"fnMap":{"0":{"name":"(anonymous_0)","decl":{"start":{"line":11,"column":13},"end":{"line":11,"column":14}},"loc":{"start":{"line":11,"column":19},"end":{"line":47,"column":1}},"line":11},"1":{"name":"(anonymous_1)","decl":{"start":{"line":14,"column":4},"end":{"line":14,"column":5}},"loc":{"start":{"line":14,"column":13},"end":{"line":14,"column":23}},"line":14},"2":{"name":"(anonymous_2)","decl":{"start":{"line":19,"column":4},"end":{"line":19,"column":5}},"loc":{"start":{"line":19,"column":13},"end":{"line":19,"column":38}},"line":19},"3":{"name":"(anonymous_3)","decl":{"start":{"line":24,"column":4},"end":{"line":24,"column":5}},"loc":{"start":{"line":24,"column":13},"end":{"line":24,"column":41}},"line":24},"4":{"name":"(anonymous_4)","decl":{"start":{"line":26,"column":48},"end":{"line":26,"column":49}},"loc":{"start":{"line":26,"column":57},"end":{"line":26,"column":68}},"line":26},"5":{"name":"(anonymous_5)","decl":{"start":{"line":35,"column":24},"end":{"line":35,"column":25}},"loc":{"start":{"line":35,"column":34},"end":{"line":35,"column":41}},"line":35},"6":{"name":"(anonymous_6)","decl":{"start":{"line":36,"column":22},"end":{"line":36,"column":23}},"loc":{"start":{"line":37,"column":12},"end":{"line":41,"column":14}},"line":37},"7":{"name":"(anonymous_7)","decl":{"start":{"line":39,"column":21},"end":{"line":39,"column":22}},"loc":{"start":{"line":39,"column":27},"end":{"line":39,"column":52}},"line":39},"8":{"name":"(anonymous_8)","decl":{"start":{"line":40,"column":24},"end":{"line":40,"column":25}},"loc":{"start":{"line":40,"column":30},"end":{"line":40,"column":58}},"line":40}},"branchMap":{},"s":{"0":1,"1":1,"2":1,"3":1,"4":1,"5":1,"6":1,"7":1,"8":1,"9":1,"10":0,"11":0,"12":0,"13":0,"14":1},"f":{"0":1,"1":1,"2":1,"3":1,"4":1,"5":0,"6":0,"7":0,"8":0},"b":{},"_coverageSchema":"1a1c01bbd47fc00a2c39e90264f33305004495a9","hash":"d0df37f0e87d999043b3099c49ce9c6f5a791505"}
,"/Users/pietroperboni/stone-test/stoneTonTest/src/screens/ProductDetails/index.tsx": {"path":"/Users/pietroperboni/stone-test/stoneTonTest/src/screens/ProductDetails/index.tsx","statementMap":{"0":{"start":{"line":6,"column":23},"end":{"line":18,"column":1}},"1":{"start":{"line":7,"column":25},"end":{"line":7,"column":37}},"2":{"start":{"line":9,"column":2},"end":{"line":17,"column":4}},"3":{"start":{"line":12,"column":47},"end":{"line":12,"column":66}},"4":{"start":{"line":19,"column":15},"end":{"line":27,"column":2}}},"fnMap":{"0":{"name":"(anonymous_0)","decl":{"start":{"line":6,"column":23},"end":{"line":6,"column":24}},"loc":{"start":{"line":6,"column":59},"end":{"line":18,"column":1}},"line":6},"1":{"name":"(anonymous_1)","decl":{"start":{"line":12,"column":41},"end":{"line":12,"column":42}},"loc":{"start":{"line":12,"column":47},"end":{"line":12,"column":66}},"line":12}},"branchMap":{},"s":{"0":1,"1":0,"2":0,"3":0,"4":1},"f":{"0":0,"1":0},"b":{},"_coverageSchema":"1a1c01bbd47fc00a2c39e90264f33305004495a9","hash":"38bd6bdc1dc74c0b86287538df67924b800a5067"}
,"/Users/pietroperboni/stone-test/stoneTonTest/src/screens/Products/index.tsx": {"path":"/Users/pietroperboni/stone-test/stoneTonTest/src/screens/Products/index.tsx","statementMap":{"0":{"start":{"line":19,"column":17},"end":{"line":65,"column":1}},"1":{"start":{"line":20,"column":15},"end":{"line":20,"column":67}},"2":{"start":{"line":20,"column":56},"end":{"line":20,"column":66}},"3":{"start":{"line":21,"column":30},"end":{"line":24,"column":3}},"4":{"start":{"line":23,"column":13},"end":{"line":23,"column":38}},"5":{"start":{"line":25,"column":33},"end":{"line":28,"column":3}},"6":{"start":{"line":27,"column":13},"end":{"line":27,"column":41}},"7":{"start":{"line":29,"column":40},"end":{"line":29,"column":50}},"8":{"start":{"line":31,"column":24},"end":{"line":34,"column":3}},"9":{"start":{"line":32,"column":23},"end":{"line":32,"column":51}},"10":{"start":{"line":33,"column":4},"end":{"line":33,"column":29}},"11":{"start":{"line":35,"column":2},"end":{"line":37,"column":9}},"12":{"start":{"line":36,"column":4},"end":{"line":36,"column":20}},"13":{"start":{"line":39,"column":2},"end":{"line":39,"column":20}},"14":{"start":{"line":41,"column":2},"end":{"line":64,"column":4}},"15":{"start":{"line":44,"column":48},"end":{"line":44,"column":75}},"16":{"start":{"line":47,"column":34},"end":{"line":47,"column":41}},"17":{"start":{"line":49,"column":12},"end":{"line":59,"column":14}},"18":{"start":{"line":51,"column":27},"end":{"line":51,"column":52}},"19":{"start":{"line":52,"column":30},"end":{"line":52,"column":58}},"20":{"start":{"line":54,"column":16},"end":{"line":57,"column":18}},"21":{"start":{"line":66,"column":15},"end":{"line":74,"column":2}}},"fnMap":{"0":{"name":"(anonymous_0)","decl":{"start":{"line":19,"column":17},"end":{"line":19,"column":18}},"loc":{"start":{"line":19,"column":46},"end":{"line":65,"column":1}},"line":19},"1":{"name":"(anonymous_1)","decl":{"start":{"line":20,"column":47},"end":{"line":20,"column":48}},"loc":{"start":{"line":20,"column":56},"end":{"line":20,"column":66}},"line":20},"2":{"name":"(anonymous_2)","decl":{"start":{"line":23,"column":4},"end":{"line":23,"column":5}},"loc":{"start":{"line":23,"column":13},"end":{"line":23,"column":38}},"line":23},"3":{"name":"(anonymous_3)","decl":{"start":{"line":27,"column":4},"end":{"line":27,"column":5}},"loc":{"start":{"line":27,"column":13},"end":{"line":27,"column":41}},"line":27},"4":{"name":"(anonymous_4)","decl":{"start":{"line":31,"column":24},"end":{"line":31,"column":25}},"loc":{"start":{"line":31,"column":36},"end":{"line":34,"column":3}},"line":31},"5":{"name":"(anonymous_5)","decl":{"start":{"line":35,"column":12},"end":{"line":35,"column":13}},"loc":{"start":{"line":35,"column":18},"end":{"line":37,"column":3}},"line":35},"6":{"name":"(anonymous_6)","decl":{"start":{"line":44,"column":42},"end":{"line":44,"column":43}},"loc":{"start":{"line":44,"column":48},"end":{"line":44,"column":75}},"line":44},"7":{"name":"(anonymous_7)","decl":{"start":{"line":47,"column":24},"end":{"line":47,"column":25}},"loc":{"start":{"line":47,"column":34},"end":{"line":47,"column":41}},"line":47},"8":{"name":"(anonymous_8)","decl":{"start":{"line":48,"column":22},"end":{"line":48,"column":23}},"loc":{"start":{"line":49,"column":12},"end":{"line":59,"column":14}},"line":49},"9":{"name":"(anonymous_9)","decl":{"start":{"line":51,"column":21},"end":{"line":51,"column":22}},"loc":{"start":{"line":51,"column":27},"end":{"line":51,"column":52}},"line":51},"10":{"name":"(anonymous_10)","decl":{"start":{"line":52,"column":24},"end":{"line":52,"column":25}},"loc":{"start":{"line":52,"column":30},"end":{"line":52,"column":58}},"line":52},"11":{"name":"(anonymous_11)","decl":{"start":{"line":53,"column":26},"end":{"line":53,"column":27}},"loc":{"start":{"line":54,"column":16},"end":{"line":57,"column":18}},"line":54}},"branchMap":{},"s":{"0":1,"1":4,"2":4,"3":4,"4":4,"5":4,"6":4,"7":4,"8":4,"9":2,"10":2,"11":4,"12":2,"13":4,"14":4,"15":1,"16":2,"17":2,"18":0,"19":0,"20":0,"21":1},"f":{"0":4,"1":4,"2":4,"3":4,"4":2,"5":2,"6":1,"7":2,"8":2,"9":0,"10":0,"11":0},"b":{},"_coverageSchema":"1a1c01bbd47fc00a2c39e90264f33305004495a9","hash":"43c1a8697c2684f0e385559ec2381fc2405e85ab"}
,"/Users/pietroperboni/stone-test/stoneTonTest/src/services/api.ts": {"path":"/Users/pietroperboni/stone-test/stoneTonTest/src/services/api.ts","statementMap":{"0":{"start":{"line":1,"column":27},"end":{"line":11,"column":1}},"1":{"start":{"line":2,"column":2},"end":{"line":10,"column":3}},"2":{"start":{"line":3,"column":21},"end":{"line":3,"column":66}},"3":{"start":{"line":4,"column":17},"end":{"line":4,"column":38}},"4":{"start":{"line":5,"column":4},"end":{"line":5,"column":16}},"5":{"start":{"line":7,"column":4},"end":{"line":7,"column":25}}},"fnMap":{"0":{"name":"(anonymous_0)","decl":{"start":{"line":1,"column":27},"end":{"line":1,"column":28}},"loc":{"start":{"line":1,"column":39},"end":{"line":11,"column":1}},"line":1}},"branchMap":{},"s":{"0":1,"1":2,"2":2,"3":2,"4":2,"5":0},"f":{"0":2},"b":{},"_coverageSchema":"1a1c01bbd47fc00a2c39e90264f33305004495a9","hash":"d67b06c3395e2e79687b0d31d88c1287176fff1d"}
}
