{"/Users/pietroperboni/stone-test/stoneTonTest/src/components/ProductCard/index.tsx": {"path":"/Users/pietroperboni/stone-test/stoneTonTest/src/components/ProductCard/index.tsx","statementMap":{"0":{"start":{"line":14,"column":44},"end":{"line":57,"column":1}},"1":{"start":{"line":21,"column":2},"end":{"line":56,"column":4}},"2":{"start":{"line":58,"column":15},"end":{"line":91,"column":2}}},"fnMap":{"0":{"name":"(anonymous_0)","decl":{"start":{"line":14,"column":44},"end":{"line":14,"column":45}},"loc":{"start":{"line":20,"column":6},"end":{"line":57,"column":1}},"line":20}},"branchMap":{"0":{"loc":{"start":{"line":26,"column":24},"end":{"line":26,"column":56}},"type":"binary-expr","locations":[{"start":{"line":26,"column":24},"end":{"line":26,"column":38}},{"start":{"line":26,"column":42},"end":{"line":26,"column":56}}],"line":26},"1":{"loc":{"start":{"line":38,"column":12},"end":{"line":38,"column":76}},"type":"binary-expr","locations":[{"start":{"line":38,"column":13},"end":{"line":38,"column":30}},{"start":{"line":38,"column":34},"end":{"line":38,"column":66}},{"start":{"line":38,"column":71},"end":{"line":38,"column":76}}],"line":38},"2":{"loc":{"start":{"line":47,"column":9},"end":{"line":53,"column":9}},"type":"binary-expr","locations":[{"start":{"line":47,"column":9},"end":{"line":47,"column":19}},{"start":{"line":48,"column":10},"end":{"line":52,"column":12}}],"line":47}},"s":{"0":1,"1":0,"2":1},"f":{"0":0},"b":{"0":[0,0],"1":[0,0,0],"2":[0,0]},"_coverageSchema":"1a1c01bbd47fc00a2c39e90264f33305004495a9","hash":"940c87678d22eb3ecaf8a49f6d08e938707e15c0"}
,"/Users/pietroperboni/stone-test/stoneTonTest/src/contexts/Cart.tsx": {"path":"/Users/pietroperboni/stone-test/stoneTonTest/src/contexts/Cart.tsx","statementMap":{"0":{"start":{"line":6,"column":21},"end":{"line":11,"column":1}},"1":{"start":{"line":13,"column":27},"end":{"line":13,"column":71}},"2":{"start":{"line":15,"column":55},"end":{"line":64,"column":1}},"3":{"start":{"line":16,"column":26},"end":{"line":16,"column":50}},"4":{"start":{"line":18,"column":16},"end":{"line":21,"column":14}},"5":{"start":{"line":20,"column":4},"end":{"line":20,"column":80}},"6":{"start":{"line":20,"column":56},"end":{"line":20,"column":75}},"7":{"start":{"line":23,"column":30},"end":{"line":35,"column":3}},"8":{"start":{"line":24,"column":4},"end":{"line":34,"column":7}},"9":{"start":{"line":25,"column":30},"end":{"line":27,"column":7}},"10":{"start":{"line":26,"column":26},"end":{"line":26,"column":58}},"11":{"start":{"line":28,"column":6},"end":{"line":32,"column":7}},"12":{"start":{"line":29,"column":8},"end":{"line":31,"column":10}},"13":{"start":{"line":30,"column":10},"end":{"line":30,"column":74}},"14":{"start":{"line":33,"column":6},"end":{"line":33,"column":52}},"15":{"start":{"line":37,"column":33},"end":{"line":51,"column":3}},"16":{"start":{"line":38,"column":4},"end":{"line":50,"column":6}},"17":{"start":{"line":39,"column":6},"end":{"line":49,"column":12}},"18":{"start":{"line":40,"column":28},"end":{"line":40,"column":42}},"19":{"start":{"line":41,"column":8},"end":{"line":48,"column":9}},"20":{"start":{"line":42,"column":10},"end":{"line":44,"column":11}},"21":{"start":{"line":43,"column":12},"end":{"line":43,"column":31}},"22":{"start":{"line":45,"column":10},"end":{"line":45,"column":73}},"23":{"start":{"line":47,"column":10},"end":{"line":47,"column":50}},"24":{"start":{"line":53,"column":2},"end":{"line":63,"column":4}}},"fnMap":{"0":{"name":"(anonymous_0)","decl":{"start":{"line":8,"column":23},"end":{"line":8,"column":24}},"loc":{"start":{"line":8,"column":29},"end":{"line":8,"column":31}},"line":8},"1":{"name":"(anonymous_1)","decl":{"start":{"line":9,"column":26},"end":{"line":9,"column":27}},"loc":{"start":{"line":9,"column":32},"end":{"line":9,"column":34}},"line":9},"2":{"name":"(anonymous_2)","decl":{"start":{"line":15,"column":55},"end":{"line":15,"column":56}},"loc":{"start":{"line":15,"column":71},"end":{"line":64,"column":1}},"line":15},"3":{"name":"(anonymous_3)","decl":{"start":{"line":18,"column":28},"end":{"line":18,"column":29}},"loc":{"start":{"line":18,"column":34},"end":{"line":21,"column":3}},"line":18},"4":{"name":"(anonymous_4)","decl":{"start":{"line":20,"column":23},"end":{"line":20,"column":24}},"loc":{"start":{"line":20,"column":56},"end":{"line":20,"column":75}},"line":20},"5":{"name":"(anonymous_5)","decl":{"start":{"line":23,"column":30},"end":{"line":23,"column":31}},"loc":{"start":{"line":23,"column":53},"end":{"line":35,"column":3}},"line":23},"6":{"name":"(anonymous_6)","decl":{"start":{"line":24,"column":12},"end":{"line":24,"column":13}},"loc":{"start":{"line":24,"column":25},"end":{"line":34,"column":5}},"line":24},"7":{"name":"(anonymous_7)","decl":{"start":{"line":26,"column":8},"end":{"line":26,"column":9}},"loc":{"start":{"line":26,"column":26},"end":{"line":26,"column":58}},"line":26},"8":{"name":"(anonymous_8)","decl":{"start":{"line":29,"column":29},"end":{"line":29,"column":30}},"loc":{"start":{"line":30,"column":10},"end":{"line":30,"column":74}},"line":30},"9":{"name":"(anonymous_9)","decl":{"start":{"line":37,"column":33},"end":{"line":37,"column":34}},"loc":{"start":{"line":37,"column":56},"end":{"line":51,"column":3}},"line":37},"10":{"name":"(anonymous_10)","decl":{"start":{"line":38,"column":12},"end":{"line":38,"column":13}},"loc":{"start":{"line":39,"column":6},"end":{"line":49,"column":12}},"line":39},"11":{"name":"(anonymous_11)","decl":{"start":{"line":39,"column":23},"end":{"line":39,"column":24}},"loc":{"start":{"line":39,"column":56},"end":{"line":49,"column":7}},"line":39}},"branchMap":{"0":{"loc":{"start":{"line":28,"column":6},"end":{"line":32,"column":7}},"type":"if","locations":[{"start":{"line":28,"column":6},"end":{"line":32,"column":7}},{"start":{},"end":{}}],"line":28},"1":{"loc":{"start":{"line":30,"column":10},"end":{"line":30,"column":74}},"type":"cond-expr","locations":[{"start":{"line":30,"column":35},"end":{"line":30,"column":67}},{"start":{"line":30,"column":70},"end":{"line":30,"column":74}}],"line":30},"2":{"loc":{"start":{"line":41,"column":8},"end":{"line":48,"column":9}},"type":"if","locations":[{"start":{"line":41,"column":8},"end":{"line":48,"column":9}},{"start":{"line":46,"column":15},"end":{"line":48,"column":9}}],"line":41},"3":{"loc":{"start":{"line":42,"column":10},"end":{"line":44,"column":11}},"type":"if","locations":[{"start":{"line":42,"column":10},"end":{"line":44,"column":11}},{"start":{},"end":{}}],"line":42}},"s":{"0":1,"1":1,"2":1,"3":0,"4":0,"5":0,"6":0,"7":0,"8":0,"9":0,"10":0,"11":0,"12":0,"13":0,"14":0,"15":0,"16":0,"17":0,"18":0,"19":0,"20":0,"21":0,"22":0,"23":0,"24":0},"f":{"0":0,"1":0,"2":0,"3":0,"4":0,"5":0,"6":0,"7":0,"8":0,"9":0,"10":0,"11":0},"b":{"0":[0,0],"1":[0,0],"2":[0,0],"3":[0,0]},"_coverageSchema":"1a1c01bbd47fc00a2c39e90264f33305004495a9","hash":"d8dd93c6b6b886fed3c0648a7d2de378441f9c04"}
,"/Users/pietroperboni/stone-test/stoneTonTest/src/screens/routes.tsx": {"path":"/Users/pietroperboni/stone-test/stoneTonTest/src/screens/routes.tsx","statementMap":{"0":{"start":{"line":10,"column":14},"end":{"line":10,"column":42}},"1":{"start":{"line":13,"column":2},"end":{"line":33,"column":4}},"2":{"start":{"line":19,"column":38},"end":{"line":27,"column":11}},"3":{"start":{"line":21,"column":14},"end":{"line":25,"column":16}},"4":{"start":{"line":22,"column":31},"end":{"line":22,"column":62}}},"fnMap":{"0":{"name":"Routes","decl":{"start":{"line":12,"column":9},"end":{"line":12,"column":15}},"loc":{"start":{"line":12,"column":18},"end":{"line":34,"column":1}},"line":12},"1":{"name":"(anonymous_1)","decl":{"start":{"line":19,"column":19},"end":{"line":19,"column":20}},"loc":{"start":{"line":19,"column":38},"end":{"line":27,"column":11}},"line":19},"2":{"name":"(anonymous_2)","decl":{"start":{"line":20,"column":25},"end":{"line":20,"column":26}},"loc":{"start":{"line":21,"column":14},"end":{"line":25,"column":16}},"line":21},"3":{"name":"(anonymous_3)","decl":{"start":{"line":22,"column":25},"end":{"line":22,"column":26}},"loc":{"start":{"line":22,"column":31},"end":{"line":22,"column":62}},"line":22}},"branchMap":{},"s":{"0":1,"1":0,"2":0,"3":0,"4":0},"f":{"0":0,"1":0,"2":0,"3":0},"b":{},"_coverageSchema":"1a1c01bbd47fc00a2c39e90264f33305004495a9","hash":"a37153d36b19fcfce39abddd4707033ae27d1237"}
,"/Users/pietroperboni/stone-test/stoneTonTest/src/screens/Cart/index.tsx": {"path":"/Users/pietroperboni/stone-test/stoneTonTest/src/screens/Cart/index.tsx","statementMap":{"0":{"start":{"line":11,"column":13},"end":{"line":52,"column":1}},"1":{"start":{"line":12,"column":15},"end":{"line":15,"column":17}},"2":{"start":{"line":14,"column":13},"end":{"line":14,"column":23}},"3":{"start":{"line":17,"column":30},"end":{"line":20,"column":3}},"4":{"start":{"line":19,"column":13},"end":{"line":19,"column":38}},"5":{"start":{"line":22,"column":33},"end":{"line":25,"column":3}},"6":{"start":{"line":24,"column":13},"end":{"line":24,"column":41}},"7":{"start":{"line":26,"column":16},"end":{"line":26,"column":79}},"8":{"start":{"line":26,"column":57},"end":{"line":26,"column":68}},"9":{"start":{"line":28,"column":2},"end":{"line":51,"column":4}},"10":{"start":{"line":36,"column":34},"end":{"line":36,"column":41}},"11":{"start":{"line":38,"column":29},"end":{"line":38,"column":75}},"12":{"start":{"line":38,"column":51},"end":{"line":38,"column":74}},"13":{"start":{"line":39,"column":12},"end":{"line":46,"column":14}},"14":{"start":{"line":43,"column":29},"end":{"line":43,"column":54}},"15":{"start":{"line":44,"column":32},"end":{"line":44,"column":60}},"16":{"start":{"line":53,"column":15},"end":{"line":72,"column":2}}},"fnMap":{"0":{"name":"(anonymous_0)","decl":{"start":{"line":11,"column":13},"end":{"line":11,"column":14}},"loc":{"start":{"line":11,"column":19},"end":{"line":52,"column":1}},"line":11},"1":{"name":"(anonymous_1)","decl":{"start":{"line":14,"column":4},"end":{"line":14,"column":5}},"loc":{"start":{"line":14,"column":13},"end":{"line":14,"column":23}},"line":14},"2":{"name":"(anonymous_2)","decl":{"start":{"line":19,"column":4},"end":{"line":19,"column":5}},"loc":{"start":{"line":19,"column":13},"end":{"line":19,"column":38}},"line":19},"3":{"name":"(anonymous_3)","decl":{"start":{"line":24,"column":4},"end":{"line":24,"column":5}},"loc":{"start":{"line":24,"column":13},"end":{"line":24,"column":41}},"line":24},"4":{"name":"(anonymous_4)","decl":{"start":{"line":26,"column":48},"end":{"line":26,"column":49}},"loc":{"start":{"line":26,"column":57},"end":{"line":26,"column":68}},"line":26},"5":{"name":"(anonymous_5)","decl":{"start":{"line":36,"column":24},"end":{"line":36,"column":25}},"loc":{"start":{"line":36,"column":34},"end":{"line":36,"column":41}},"line":36},"6":{"name":"(anonymous_6)","decl":{"start":{"line":37,"column":22},"end":{"line":37,"column":23}},"loc":{"start":{"line":37,"column":34},"end":{"line":47,"column":11}},"line":37},"7":{"name":"(anonymous_7)","decl":{"start":{"line":38,"column":39},"end":{"line":38,"column":40}},"loc":{"start":{"line":38,"column":51},"end":{"line":38,"column":74}},"line":38},"8":{"name":"(anonymous_8)","decl":{"start":{"line":43,"column":23},"end":{"line":43,"column":24}},"loc":{"start":{"line":43,"column":29},"end":{"line":43,"column":54}},"line":43},"9":{"name":"(anonymous_9)","decl":{"start":{"line":44,"column":26},"end":{"line":44,"column":27}},"loc":{"start":{"line":44,"column":32},"end":{"line":44,"column":60}},"line":44}},"branchMap":{"0":{"loc":{"start":{"line":42,"column":35},"end":{"line":42,"column":59}},"type":"binary-expr","locations":[{"start":{"line":42,"column":35},"end":{"line":42,"column":50}},{"start":{"line":42,"column":54},"end":{"line":42,"column":59}}],"line":42}},"s":{"0":1,"1":0,"2":0,"3":0,"4":0,"5":0,"6":0,"7":0,"8":0,"9":0,"10":0,"11":0,"12":0,"13":0,"14":0,"15":0,"16":1},"f":{"0":0,"1":0,"2":0,"3":0,"4":0,"5":0,"6":0,"7":0,"8":0,"9":0},"b":{"0":[0,0]},"_coverageSchema":"1a1c01bbd47fc00a2c39e90264f33305004495a9","hash":"4c91d50e234626e754bfa5e5c705bb1c1dc6fd7d"}
,"/Users/pietroperboni/stone-test/stoneTonTest/src/screens/ProductDetails/index.tsx": {"path":"/Users/pietroperboni/stone-test/stoneTonTest/src/screens/ProductDetails/index.tsx","statementMap":{"0":{"start":{"line":6,"column":23},"end":{"line":18,"column":1}},"1":{"start":{"line":7,"column":25},"end":{"line":7,"column":37}},"2":{"start":{"line":9,"column":2},"end":{"line":17,"column":4}},"3":{"start":{"line":12,"column":47},"end":{"line":12,"column":66}},"4":{"start":{"line":19,"column":15},"end":{"line":27,"column":2}}},"fnMap":{"0":{"name":"(anonymous_0)","decl":{"start":{"line":6,"column":23},"end":{"line":6,"column":24}},"loc":{"start":{"line":6,"column":59},"end":{"line":18,"column":1}},"line":6},"1":{"name":"(anonymous_1)","decl":{"start":{"line":12,"column":41},"end":{"line":12,"column":42}},"loc":{"start":{"line":12,"column":47},"end":{"line":12,"column":66}},"line":12}},"branchMap":{},"s":{"0":1,"1":0,"2":0,"3":0,"4":1},"f":{"0":0,"1":0},"b":{},"_coverageSchema":"1a1c01bbd47fc00a2c39e90264f33305004495a9","hash":"38bd6bdc1dc74c0b86287538df67924b800a5067"}
,"/Users/pietroperboni/stone-test/stoneTonTest/src/screens/Products/index.tsx": {"path":"/Users/pietroperboni/stone-test/stoneTonTest/src/screens/Products/index.tsx","statementMap":{"0":{"start":{"line":12,"column":17},"end":{"line":64,"column":1}},"1":{"start":{"line":13,"column":32},"end":{"line":13,"column":56}},"2":{"start":{"line":14,"column":15},"end":{"line":14,"column":67}},"3":{"start":{"line":14,"column":56},"end":{"line":14,"column":66}},"4":{"start":{"line":15,"column":30},"end":{"line":18,"column":3}},"5":{"start":{"line":17,"column":13},"end":{"line":17,"column":38}},"6":{"start":{"line":19,"column":33},"end":{"line":22,"column":3}},"7":{"start":{"line":21,"column":13},"end":{"line":21,"column":41}},"8":{"start":{"line":23,"column":40},"end":{"line":23,"column":64}},"9":{"start":{"line":25,"column":24},"end":{"line":28,"column":3}},"10":{"start":{"line":26,"column":21},"end":{"line":26,"column":79}},"11":{"start":{"line":26,"column":46},"end":{"line":26,"column":63}},"12":{"start":{"line":27,"column":4},"end":{"line":27,"column":29}},"13":{"start":{"line":29,"column":2},"end":{"line":31,"column":9}},"14":{"start":{"line":30,"column":4},"end":{"line":30,"column":20}},"15":{"start":{"line":33,"column":2},"end":{"line":63,"column":4}},"16":{"start":{"line":41,"column":36},"end":{"line":41,"column":43}},"17":{"start":{"line":43,"column":31},"end":{"line":43,"column":77}},"18":{"start":{"line":43,"column":53},"end":{"line":43,"column":76}},"19":{"start":{"line":44,"column":14},"end":{"line":57,"column":16}},"20":{"start":{"line":48,"column":31},"end":{"line":48,"column":56}},"21":{"start":{"line":49,"column":34},"end":{"line":49,"column":62}},"22":{"start":{"line":51,"column":20},"end":{"line":54,"column":22}},"23":{"start":{"line":65,"column":15},"end":{"line":74,"column":2}}},"fnMap":{"0":{"name":"(anonymous_0)","decl":{"start":{"line":12,"column":17},"end":{"line":12,"column":18}},"loc":{"start":{"line":12,"column":46},"end":{"line":64,"column":1}},"line":12},"1":{"name":"(anonymous_1)","decl":{"start":{"line":14,"column":47},"end":{"line":14,"column":48}},"loc":{"start":{"line":14,"column":56},"end":{"line":14,"column":66}},"line":14},"2":{"name":"(anonymous_2)","decl":{"start":{"line":17,"column":4},"end":{"line":17,"column":5}},"loc":{"start":{"line":17,"column":13},"end":{"line":17,"column":38}},"line":17},"3":{"name":"(anonymous_3)","decl":{"start":{"line":21,"column":4},"end":{"line":21,"column":5}},"loc":{"start":{"line":21,"column":13},"end":{"line":21,"column":41}},"line":21},"4":{"name":"(anonymous_4)","decl":{"start":{"line":25,"column":24},"end":{"line":25,"column":25}},"loc":{"start":{"line":25,"column":36},"end":{"line":28,"column":3}},"line":25},"5":{"name":"(anonymous_5)","decl":{"start":{"line":26,"column":40},"end":{"line":26,"column":41}},"loc":{"start":{"line":26,"column":46},"end":{"line":26,"column":63}},"line":26},"6":{"name":"(anonymous_6)","decl":{"start":{"line":29,"column":12},"end":{"line":29,"column":13}},"loc":{"start":{"line":29,"column":18},"end":{"line":31,"column":3}},"line":29},"7":{"name":"(anonymous_7)","decl":{"start":{"line":41,"column":26},"end":{"line":41,"column":27}},"loc":{"start":{"line":41,"column":36},"end":{"line":41,"column":43}},"line":41},"8":{"name":"(anonymous_8)","decl":{"start":{"line":42,"column":24},"end":{"line":42,"column":25}},"loc":{"start":{"line":42,"column":36},"end":{"line":58,"column":13}},"line":42},"9":{"name":"(anonymous_9)","decl":{"start":{"line":43,"column":41},"end":{"line":43,"column":42}},"loc":{"start":{"line":43,"column":53},"end":{"line":43,"column":76}},"line":43},"10":{"name":"(anonymous_10)","decl":{"start":{"line":48,"column":25},"end":{"line":48,"column":26}},"loc":{"start":{"line":48,"column":31},"end":{"line":48,"column":56}},"line":48},"11":{"name":"(anonymous_11)","decl":{"start":{"line":49,"column":28},"end":{"line":49,"column":29}},"loc":{"start":{"line":49,"column":34},"end":{"line":49,"column":62}},"line":49},"12":{"name":"(anonymous_12)","decl":{"start":{"line":50,"column":30},"end":{"line":50,"column":31}},"loc":{"start":{"line":51,"column":20},"end":{"line":54,"column":22}},"line":51}},"branchMap":{"0":{"loc":{"start":{"line":36,"column":9},"end":{"line":60,"column":9}},"type":"cond-expr","locations":[{"start":{"line":37,"column":10},"end":{"line":37,"column":36}},{"start":{"line":39,"column":10},"end":{"line":59,"column":12}}],"line":36},"1":{"loc":{"start":{"line":47,"column":37},"end":{"line":47,"column":61}},"type":"binary-expr","locations":[{"start":{"line":47,"column":37},"end":{"line":47,"column":52}},{"start":{"line":47,"column":56},"end":{"line":47,"column":61}}],"line":47}},"s":{"0":1,"1":2,"2":2,"3":2,"4":2,"5":2,"6":2,"7":2,"8":2,"9":2,"10":1,"11":1,"12":1,"13":2,"14":1,"15":2,"16":0,"17":0,"18":0,"19":0,"20":0,"21":0,"22":0,"23":1},"f":{"0":2,"1":2,"2":2,"3":2,"4":1,"5":1,"6":1,"7":0,"8":0,"9":0,"10":0,"11":0,"12":0},"b":{"0":[0,2],"1":[0,0]},"_coverageSchema":"1a1c01bbd47fc00a2c39e90264f33305004495a9","hash":"ca470352ac6979c37d9aebe657461095b98a4a6d"}
,"/Users/pietroperboni/stone-test/stoneTonTest/src/services/api.ts": {"path":"/Users/pietroperboni/stone-test/stoneTonTest/src/services/api.ts","statementMap":{"0":{"start":{"line":3,"column":23},"end":{"line":9,"column":1}},"1":{"start":{"line":4,"column":2},"end":{"line":8,"column":4}},"2":{"start":{"line":7,"column":33},"end":{"line":7,"column":58}},"3":{"start":{"line":11,"column":27},"end":{"line":25,"column":1}},"4":{"start":{"line":12,"column":2},"end":{"line":24,"column":3}},"5":{"start":{"line":13,"column":21},"end":{"line":13,"column":66}},"6":{"start":{"line":14,"column":4},"end":{"line":16,"column":5}},"7":{"start":{"line":15,"column":6},"end":{"line":15,"column":31}},"8":{"start":{"line":17,"column":17},"end":{"line":17,"column":38}},"9":{"start":{"line":18,"column":4},"end":{"line":18,"column":25}},"10":{"start":{"line":20,"column":4},"end":{"line":20,"column":56}},"11":{"start":{"line":21,"column":4},"end":{"line":21,"column":32}},"12":{"start":{"line":23,"column":4},"end":{"line":23,"column":13}}},"fnMap":{"0":{"name":"(anonymous_0)","decl":{"start":{"line":3,"column":23},"end":{"line":3,"column":24}},"loc":{"start":{"line":3,"column":42},"end":{"line":9,"column":1}},"line":3},"1":{"name":"(anonymous_1)","decl":{"start":{"line":7,"column":27},"end":{"line":7,"column":28}},"loc":{"start":{"line":7,"column":33},"end":{"line":7,"column":58}},"line":7},"2":{"name":"(anonymous_2)","decl":{"start":{"line":11,"column":27},"end":{"line":11,"column":28}},"loc":{"start":{"line":11,"column":57},"end":{"line":25,"column":1}},"line":11}},"branchMap":{"0":{"loc":{"start":{"line":14,"column":4},"end":{"line":16,"column":5}},"type":"if","locations":[{"start":{"line":14,"column":4},"end":{"line":16,"column":5}},{"start":{},"end":{}}],"line":14}},"s":{"0":1,"1":1,"2":0,"3":1,"4":1,"5":1,"6":1,"7":1,"8":0,"9":0,"10":1,"11":1,"12":1},"f":{"0":1,"1":0,"2":1},"b":{"0":[1,0]},"_coverageSchema":"1a1c01bbd47fc00a2c39e90264f33305004495a9","hash":"349e21d9dea7c71148932be92864c0ec0e4ea897"}
}
